make.exe all --print-data-base --no-builtin-variables --no-builtin-rules --question
# GNU Make 3.81
# Copyright (C) 2006  Free Software Foundation, Inc.
# This is free software; see the source for copying conditions.
# There is NO warranty; not even for MERCHANTABILITY or FITNESS FOR A
# PARTICULAR PURPOSE.

# This program built for Windows32
 

# Make data base, printed on Sun Jun 26 23:36:49 2022

# Variables

# automatic
<D = $(patsubst %/,%,$(dir $<))
# automatic
?F = $(notdir $?)
# makefile
MAKEFLAGS = Rrqp
# environment
VSCODE_LOG_NATIVE = false
# automatic
?D = $(patsubst %/,%,$(dir $?))
# automatic
@D = $(patsubst %/,%,$(dir $@))
# environment
HOMEDRIVE = C:
# automatic
@F = $(notdir $@)
# automatic
^D = $(patsubst %/,%,$(dir $^))
# makefile
CURDIR := d:/source/repos/HorizonEngine
# default
SHELL := sh.exe
# environment
WINDIR = C:\WINDOWS
# environment
VSCODE_NLS_CONFIG = {"locale":"en-us","availableLanguages":{},"_languagePackSupport":true}
# environment
ONEDRIVE = C:\Users\charl\OneDrive
# environment
PATHEXT = .COM;.EXE;.BAT;.CMD;.VBS;.VBE;.JS;.JSE;.WSF;.WSH;.MSC
# makefile
MAKEFILE_LIST := 
# environment
FPS_BROWSER_USER_PROFILE_STRING = Default
# environment
TMP = C:\Users\charl\AppData\Local\Temp
# environment
VSCODE_VERBOSE_LOGGING = true
# environment
PROGRAMW6432 = C:\Program Files
# environment
PROGRAMDATA = C:\ProgramData
# environment
VSCODE_IPC_HOOK_EXTHOST = \\.\pipe\vscode-ipc-f5503d5f-9a90-49c1-99c1-715587f8bbfd-sock
# environment
VSCODE_CWD = C:\Users\charl\AppData\Local\Programs\Microsoft VS Code
# environment
PATH = C:\Program Files\Common Files\Oracle\Java\javapath;C:\Program Files\Oculus\Support\oculus-runtime;C:\CEdev\bin;C:\Program Files\Java\jdk-16.0.1\bin;C:\Program Files (x86)\Common Files\Oracle\Java\javapath;C:\Windows\system32;C:\Windows;C:\Windows\System32\Wbem;C:\Windows\System32\WindowsPowerShell\v1.0\;C:\Windows\System32\OpenSSH\;C:\Program Files (x86)\NVIDIA Corporation\PhysX\Common;C:\Program Files\Intel\WiFi\bin\;C:\Program Files\Common Files\Intel\WirelessCommon\;C:\WINDOWS\system32;C:\WINDOWS;C:\WINDOWS\System32\Wbem;C:\WINDOWS\System32\WindowsPowerShell\v1.0\;C:\WINDOWS\System32\OpenSSH\;C:\Program Files\Git\cmd;C:\Program Files\NVIDIA Corporation\NVIDIA NvDLISR;C:\Program Files\dotnet\;C:\Program Files\CMake\bin;C:\Program Files\TortoiseSVN\bin;C:\Users\charl\AppData\Local\Microsoft\WindowsApps;C:\Users\charl\AppData\Local\GitHubDesktop\bin;C:\Users\charl\AppData\Local\Programs\Microsoft VS Code\bin;C:\Users\charl\.dotnet\tools;C:\mingw64\bin;C:\Users\charl\Downloads\jdk-18.0.1.1\bin;C:\mingw64;
# environment
COMMONPROGRAMW6432 = C:\Program Files\Common Files
# environment
ZES_ENABLE_SYSMAN = 1
# environment
PROCESSOR_ARCHITECTURE = x86
# environment
USERPROFILE = C:\Users\charl
# environment
ALLUSERSPROFILE = C:\ProgramData
# environment
VSCODE_LOG_STACK = false
# environment
NUMBER_OF_PROCESSORS = 8
# environment
ELECTRON_RUN_AS_NODE = 1
# default
.FEATURES := target-specific order-only second-expansion else-if archives
# environment
OCULUSBASE = C:\Program Files\Oculus\
# automatic
%F = $(notdir $%)
# automatic
*F = $(notdir $*)
# environment
CHROME_CRASHPAD_PIPE_NAME = \\.\pipe\crashpad_1752_SOEKXGISSHHQAMAT
# environment
VSCODE_PIPE_LOGGING = true
# environment
COMPUTERNAME = MSI-MATT
# environment
PROGRAMFILES = C:\Program Files (x86)
# environment
DRIVERDATA = C:\Windows\System32\Drivers\DriverData
# environment
ORIGINAL_XDG_CURRENT_DESKTOP = undefined
# environment
USERNAME = charl
# environment
PUBLIC = C:\Users\Public
# environment
VSCODE_AMD_ENTRYPOINT = vs/workbench/api/node/extensionHostProcess
# environment
VSCODE_CODE_CACHE_PATH = C:\Users\charl\AppData\Roaming\Code\CachedData\30d9c6cd9483b2cc586687151bcbcd635f373630
# environment
APPLICATION_INSIGHTS_NO_DIAGNOSTIC_CHANNEL = true
# environment
COMMONPROGRAMFILES = C:\Program Files (x86)\Common Files
# environment
LOGONSERVER = \\MSI-MATT
# environment
VSCODE_HANDLES_UNCAUGHT_ERRORS = true
# environment
USERDOMAIN = MSI-MATT
# default
MAKE = $(MAKE_COMMAND)
# default
MAKECMDGOALS := all
# default
MAKE_VERSION := 3.81
# environment
__PSLOCKDOWNPOLICY = 0
# environment
PROGRAMFILES(X86) = C:\Program Files (x86)
# automatic
%D = $(patsubst %/,%,$(dir $%))
# environment
LOCALAPPDATA = C:\Users\charl\AppData\Local
# environment
PSMODULEPATH = C:\Program Files\WindowsPowerShell\Modules;C:\WINDOWS\system32\WindowsPowerShell\v1.0\Modules
# default
MAKE_COMM 
make.exe: *** No rule to make target `all'.  Stop.

AND := make.exe
# environment
PROCESSOR_ARCHITEW6432 = AMD64
# default
.VARIABLES := 
# environment
CEDEV = C:\CEdev
# environment
PROCESSOR_IDENTIFIER = Intel64 Family 6 Model 158 Stepping 13, GenuineIntel
# environment
OS = Windows_NT
# environment
VSCODE_IPC_HOOK = \\.\pipe\f57d7d602eba039589708caf79befa3d-1.68.1-main-sock
# environment
HOMEPATH = \Users\charl
# environment
COMMONPROGRAMFILES(X86) = C:\Program Files (x86)\Common Files
# environment
PROMPT = $P$G
# environment
MFLAGS = -Rrqp
# automatic
*D = $(patsubst %/,%,$(dir $*))
# environment
SYSTEMROOT = C:\WINDOWS
# automatic
+D = $(patsubst %/,%,$(dir $+))
# automatic
+F = $(notdir $+)
# environment
APPDATA = C:\Users\charl\AppData\Roaming
# environment
TEMP = C:\Users\charl\AppData\Local\Temp
# environment
COMSPEC = C:\WINDOWS\system32\cmd.exe
# default
MAKEFILES := 
# automatic
<F = $(notdir $<)
# environment
LC_ALL = C
# environment
CONFIGSETROOT = C:\WINDOWS\ConfigSetRoot
# automatic
^F = $(notdir $^)
# default
SUFFIXES := 
# environment
SYSTEMDRIVE = C:
# environment
SESSIONNAME = Console
# environment
PROCESSOR_REVISION = 9e0d
# default
.INCLUDE_DIRS = .
# environment
MAKELEVEL := 0
# makefile
.DEFAULT_GOAL := 
# environment
LANG = C
# environment
PROCESSOR_LEVEL = 6
# environment
FPS_BROWSER_APP_PROFILE_STRING = Internet Explorer
# environment
VSCODE_PID = 1752
# environment
USERDOMAIN_ROAMINGPROFILE = MSI-MATT
# variable set hash-table stats:
# Load=94/1024=9%, Rehash=0, Collisions=11/112=10%

# Pattern-specific Variable Values

# No pattern-specific variable values.

# Directories

# C:\Program Files\Java\jdk-16.0.1\bin: could not be stat'd.
# C:\Users\charl\AppData\Local\Microsoft\WindowsApps (key C:/Users/charl/AppData/Local/Microsoft/WindowsApps, mtime 1655776108): 13 files, no impossibilities.
# C:\Program Files\NVIDIA Corporation\NVIDIA NvDLISR (key C:/Program Files/NVIDIA Corporation/NVIDIA NvDLISR, mtime 1642644137): 5 files, no impossibilities.
# C:\Program Files\Intel\WiFi\bin\ (key C:/Program Files/Intel/WiFi/bin/, mtime 1569539906): could not be opened.
# C:\Program Files\Common Files\Intel\WirelessCommon\ (key C:/Program Files/Common Files/Intel/WirelessCommon/, mtime 1569539895): could not be opened.
# C:\Windows\System32\WindowsPowerShell\v1.0\ (key C:/Windows/System32/WindowsPowerShell/v1.0/, mtime 1625166645): could not be opened.
# C:\WINDOWS\System32\Wbem (key C:/WINDOWS/System32/Wbem, mtime 1655698346): 154 files, no impossibilities.
# . (key d:/source/repos/HorizonEngine, mtime 1656304308): 9 files, no impossibilities.
# C:\Users\charl\AppData\Local\GitHubDesktop\bin (key C:/Users/charl/AppData/Local/GitHubDesktop/bin, mtime 1627067366): 4 files, no impossibilities.
# C:\Program Files (x86)\Common Files\Oracle\Java\javapath (key C:/Program Files (x86)/Common Files/Oracle/Java/javapath, mtime 1650330791): 5 files, no impossibilities.
# C:\Users\charl\AppData\Local\Programs\Microsoft VS Code\bin (key C:/Users/charl/AppData/Local/Programs/Microsoft VS Code/bin, mtime 1655956619): 4 files, no impossibilities.
# C:\Users\charl\.dotnet\tools: could not be stat'd.
# C:\Program Files\Git\cmd (key C:/Program Files/Git/cmd, mtime 1637370250): 8 files, no impossibilities.
# C:\Windows\System32\OpenSSH\: could not be stat'd.
# C:\Program Files (x86)\NVIDIA Corporation\PhysX\Common (key C:/Program Files (x86)/NVIDIA Corporation/PhysX/Common, mtime 1569539810): 10 files, no impossibilities.
# C:\Program Files\CMake\bin (key C:/Program Files/CMake/bin, mtime 1655181211): 7 files, no impossibilities.
# C:\WINDOWS (key C:/WINDOWS, mtime 1655698345): 127 files, no impossibilities.
# C:\CEdev\bin (key C:/CEdev/bin, mtime 1628801733): 17 files, no impossibilities.
# C:\mingw64\bin (key C:/mingw64/bin, mtime 1526145613): 58 files, no impossibilities.
# C:\Program Files\Oculus\Support\oculus-runtime (key C:/Program Files/Oculus/Support/oculus-runtime, mtime 1655961030): 38 files, no impossibilities.
# C:\Windows\System32\Wbem (key C:/Windows/System32/Wbem, mtime 1655698346): 154 files, no impossibilities.
# C:\Windows (key C:/Windows, mtime 1655698345): 127 files, no impossibilities.
# C:\Program Files\TortoiseSVN\bin (key C:/Program Files/TortoiseSVN/bin, mtime 1655221839): 50 files, no impossibilities.
# C:\Program Files\Common Files\Oracle\Java\javapath (key C:/Program Files/Common Files/Oracle/Java/javapath, mtime 1648663056): 6 files, no impossibilities.
# C:\Program Files\dotnet\ (key C:/Program Files/dotnet/, mtime 1652131809): could not be opened.
# C:\WINDOWS\System32\WindowsPowerShell\v1.0\ (key C:/WINDOWS/System32/WindowsPowerShell/v1.0/, mtime 1625166645): could not be opened.
# C:\Windows\system32 (key C:/Windows/system32, mtime 1656301581): 3046 files, no impossibilities.
# C:\Users\charl\Downloads\jdk-18.0.1.1\bin: could not be stat'd.
# C:\mingw64 (key C:/mingw64, mtime 1526145615): 12 files, no impossibilities.
# C:\WINDOWS\System32\OpenSSH\: could not be stat'd.
# C:\WINDOWS\system32 (key C:/WINDOWS/system32, mtime 1656301581): 3046 files, no impossibilities.

# 6900 files, no impossibilities in 31 directories.

# Implicit Rules

# No implicit rules.

# Files

# Not a target:
all:
#  Command-line target.
#  Implicit rule search has been done.
#  File does not exist.
#  File has not been updated.
# variable set hash-table stats:
# Load=0/32=0%, Rehash=0, Collisions=0/0=0%

# Not a target:
.SUFFIXES:
#  Implicit rule search has not been done.
#  Modification time never checked.
#  File has not been updated.

# Not a target:
Makefile:
#  A default, MAKEFILES, or -include/sinclude makefile.
#  Implicit rule search has been done.
#  File does not exist.
#  File has been updated.
#  Failed to be updated.
# variable set hash-table stats:
# Load=0/32=0%, Rehash=0, Collisions=0/0=0%

# Not a target:
makefile:
#  A default, MAKEFILES, or -include/sinclude makefile.
#  Implicit rule search has been done.
#  File does not exist.
#  File has been updated.
#  Failed to be updated.
# variable set hash-table stats:
# Load=0/32=0%, Rehash=0, Collisions=0/0=0%

# Not a target:
.DEFAULT:
#  Implicit rule search has not been done.
#  Modification time never checked.
#  File has not been updated.

# Not a target:
GNUmakefile:
#  A default, MAKEFILES, or -include/sinclude makefile.
#  Implicit rule search has been done.
#  File does not exist.
#  File has been updated.
#  Failed to be updated.
# variable set hash-table stats:
# Load=0/32=0%, Rehash=0, Collisions=0/0=0%

# files hash-table stats:
# Load=6/1024=1%, Rehash=0, Collisions=0/16=0%
# VPATH Search Paths

# No `vpath' search paths.

# No general (`VPATH' variable) search path.

# # of strings in strcache: 0
# # of strcache buffers: 0
# strcache size: total = 0 / max = 0 / min = 4096 / avg = 0
# strcache free: total = 0 / max = 0 / min = 4096 / avg = 0

# Finished Make data base on Sun Jun 26 23:36:49 2022

 
